{"C:\\Users\\KIIT\\Desktop\\Project-Study_Abroad\\Abroad-backend\\Server.js": {"path":"C:\\Users\\KIIT\\Desktop\\Project-Study_Abroad\\Abroad-backend\\Server.js","statementMap":{"0":{"start":{"line":25,"column":0},"end":{"line":25,"column":27}},"1":{"start":{"line":26,"column":16},"end":{"line":26,"column":34}},"2":{"start":{"line":27,"column":17},"end":{"line":27,"column":36}},"3":{"start":{"line":28,"column":13},"end":{"line":28,"column":28}},"4":{"start":{"line":29,"column":20},"end":{"line":29,"column":42}},"5":{"start":{"line":30,"column":19},"end":{"line":30,"column":49}},"6":{"start":{"line":32,"column":12},"end":{"line":32,"column":21}},"7":{"start":{"line":35,"column":0},"end":{"line":35,"column":24}},"8":{"start":{"line":36,"column":0},"end":{"line":36,"column":16}},"9":{"start":{"line":39,"column":0},"end":{"line":39,"column":33}},"10":{"start":{"line":42,"column":0},"end":{"line":42,"column":21}},"11":{"start":{"line":45,"column":0},"end":{"line":49,"column":1}},"12":{"start":{"line":46,"column":2},"end":{"line":46,"column":16}},"13":{"start":{"line":47,"column":15},"end":{"line":47,"column":39}},"14":{"start":{"line":48,"column":2},"end":{"line":48,"column":72}},"15":{"start":{"line":48,"column":25},"end":{"line":48,"column":70}}},"fnMap":{"0":{"name":"(anonymous_0)","decl":{"start":{"line":48,"column":19},"end":{"line":48,"column":20}},"loc":{"start":{"line":48,"column":25},"end":{"line":48,"column":70}},"line":48}},"branchMap":{"0":{"loc":{"start":{"line":45,"column":0},"end":{"line":49,"column":1}},"type":"if","locations":[{"start":{"line":45,"column":0},"end":{"line":49,"column":1}},{"start":{},"end":{}}],"line":45},"1":{"loc":{"start":{"line":47,"column":15},"end":{"line":47,"column":39}},"type":"binary-expr","locations":[{"start":{"line":47,"column":15},"end":{"line":47,"column":31}},{"start":{"line":47,"column":35},"end":{"line":47,"column":39}}],"line":47}},"s":{"0":2,"1":2,"2":2,"3":2,"4":2,"5":2,"6":2,"7":2,"8":2,"9":2,"10":2,"11":2,"12":0,"13":0,"14":0,"15":0},"f":{"0":0},"b":{"0":[0,2],"1":[0,0]},"_coverageSchema":"1a1c01bbd47fc00a2c39e90264f33305004495a9","hash":"842096fc4a30492db1313779d41f893b27c05752"}
,"C:\\Users\\KIIT\\Desktop\\Project-Study_Abroad\\Abroad-backend\\config\\db.js": {"path":"C:\\Users\\KIIT\\Desktop\\Project-Study_Abroad\\Abroad-backend\\config\\db.js","statementMap":{"0":{"start":{"line":16,"column":17},"end":{"line":16,"column":36}},"1":{"start":{"line":17,"column":0},"end":{"line":17,"column":27}},"2":{"start":{"line":19,"column":18},"end":{"line":19,"column":23}},"3":{"start":{"line":22,"column":4},"end":{"line":25,"column":5}},"4":{"start":{"line":24,"column":8},"end":{"line":24,"column":15}},"5":{"start":{"line":26,"column":4},"end":{"line":34,"column":5}},"6":{"start":{"line":27,"column":8},"end":{"line":28,"column":11}},"7":{"start":{"line":29,"column":8},"end":{"line":29,"column":27}},"8":{"start":{"line":30,"column":8},"end":{"line":30,"column":39}},"9":{"start":{"line":32,"column":8},"end":{"line":32,"column":58}},"10":{"start":{"line":33,"column":8},"end":{"line":33,"column":20}},"11":{"start":{"line":37,"column":0},"end":{"line":37,"column":29}}},"fnMap":{"0":{"name":"connectToDB","decl":{"start":{"line":21,"column":15},"end":{"line":21,"column":26}},"loc":{"start":{"line":21,"column":29},"end":{"line":35,"column":1}},"line":21}},"branchMap":{"0":{"loc":{"start":{"line":22,"column":4},"end":{"line":25,"column":5}},"type":"if","locations":[{"start":{"line":22,"column":4},"end":{"line":25,"column":5}},{"start":{},"end":{}}],"line":22}},"s":{"0":2,"1":2,"2":2,"3":0,"4":0,"5":0,"6":0,"7":0,"8":0,"9":0,"10":0,"11":2},"f":{"0":0},"b":{"0":[0,0]},"_coverageSchema":"1a1c01bbd47fc00a2c39e90264f33305004495a9","hash":"00759b96dc431095952b5496c28c1fe17e717b46"}
,"C:\\Users\\KIIT\\Desktop\\Project-Study_Abroad\\Abroad-backend\\models\\university.js": {"path":"C:\\Users\\KIIT\\Desktop\\Project-Study_Abroad\\Abroad-backend\\models\\university.js","statementMap":{"0":{"start":{"line":2,"column":17},"end":{"line":2,"column":36}},"1":{"start":{"line":3,"column":15},"end":{"line":3,"column":30}},"2":{"start":{"line":5,"column":25},"end":{"line":11,"column":2}},"3":{"start":{"line":13,"column":0},"end":{"line":13,"column":64}}},"fnMap":{},"branchMap":{},"s":{"0":2,"1":2,"2":2,"3":2},"f":{},"b":{},"_coverageSchema":"1a1c01bbd47fc00a2c39e90264f33305004495a9","hash":"273733471fc29bf19900dca86834f5bdefbd1da6"}
,"C:\\Users\\KIIT\\Desktop\\Project-Study_Abroad\\Abroad-backend\\models\\user.js": {"path":"C:\\Users\\KIIT\\Desktop\\Project-Study_Abroad\\Abroad-backend\\models\\user.js","statementMap":{"0":{"start":{"line":2,"column":17},"end":{"line":2,"column":36}},"1":{"start":{"line":4,"column":19},"end":{"line":16,"column":24}},"2":{"start":{"line":18,"column":0},"end":{"line":18,"column":52}}},"fnMap":{},"branchMap":{},"s":{"0":2,"1":2,"2":2},"f":{},"b":{},"_coverageSchema":"1a1c01bbd47fc00a2c39e90264f33305004495a9","hash":"0a7afe866ad84a1424c0baeb3fa9a3a959a3e879"}
,"C:\\Users\\KIIT\\Desktop\\Project-Study_Abroad\\Abroad-backend\\routes\\authRoutes.js": {"path":"C:\\Users\\KIIT\\Desktop\\Project-Study_Abroad\\Abroad-backend\\routes\\authRoutes.js","statementMap":{"0":{"start":{"line":1,"column":16},"end":{"line":1,"column":34}},"1":{"start":{"line":2,"column":15},"end":{"line":2,"column":34}},"2":{"start":{"line":3,"column":12},"end":{"line":3,"column":35}},"3":{"start":{"line":4,"column":13},"end":{"line":4,"column":38}},"4":{"start":{"line":5,"column":19},"end":{"line":5,"column":50}},"5":{"start":{"line":7,"column":15},"end":{"line":7,"column":31}},"6":{"start":{"line":10,"column":0},"end":{"line":53,"column":3}},"7":{"start":{"line":11,"column":2},"end":{"line":52,"column":3}},"8":{"start":{"line":12,"column":38},"end":{"line":12,"column":46}},"9":{"start":{"line":15,"column":25},"end":{"line":15,"column":54}},"10":{"start":{"line":16,"column":4},"end":{"line":16,"column":86}},"11":{"start":{"line":16,"column":22},"end":{"line":16,"column":86}},"12":{"start":{"line":19,"column":17},"end":{"line":19,"column":41}},"13":{"start":{"line":20,"column":27},"end":{"line":20,"column":60}},"14":{"start":{"line":23,"column":20},"end":{"line":32,"column":6}},"15":{"start":{"line":34,"column":4},"end":{"line":34,"column":25}},"16":{"start":{"line":37,"column":18},"end":{"line":37,"column":92}},"17":{"start":{"line":40,"column":4},"end":{"line":48,"column":7}},"18":{"start":{"line":50,"column":4},"end":{"line":50,"column":55}},"19":{"start":{"line":51,"column":4},"end":{"line":51,"column":76}},"20":{"start":{"line":56,"column":0},"end":{"line":75,"column":3}},"21":{"start":{"line":57,"column":2},"end":{"line":74,"column":3}},"22":{"start":{"line":58,"column":32},"end":{"line":58,"column":40}},"23":{"start":{"line":61,"column":17},"end":{"line":61,"column":46}},"24":{"start":{"line":62,"column":4},"end":{"line":62,"column":79}},"25":{"start":{"line":62,"column":15},"end":{"line":62,"column":79}},"26":{"start":{"line":65,"column":20},"end":{"line":65,"column":65}},"27":{"start":{"line":66,"column":4},"end":{"line":66,"column":82}},"28":{"start":{"line":66,"column":18},"end":{"line":66,"column":82}},"29":{"start":{"line":69,"column":18},"end":{"line":69,"column":89}},"30":{"start":{"line":71,"column":4},"end":{"line":71,"column":84}},"31":{"start":{"line":73,"column":4},"end":{"line":73,"column":54}},"32":{"start":{"line":78,"column":20},"end":{"line":89,"column":1}},"33":{"start":{"line":79,"column":16},"end":{"line":79,"column":43}},"34":{"start":{"line":80,"column":2},"end":{"line":80,"column":72}},"35":{"start":{"line":80,"column":14},"end":{"line":80,"column":72}},"36":{"start":{"line":82,"column":2},"end":{"line":88,"column":3}},"37":{"start":{"line":83,"column":21},"end":{"line":83,"column":62}},"38":{"start":{"line":84,"column":4},"end":{"line":84,"column":24}},"39":{"start":{"line":85,"column":4},"end":{"line":85,"column":11}},"40":{"start":{"line":87,"column":4},"end":{"line":87,"column":55}},"41":{"start":{"line":92,"column":0},"end":{"line":99,"column":3}},"42":{"start":{"line":93,"column":2},"end":{"line":98,"column":3}},"43":{"start":{"line":94,"column":17},"end":{"line":94,"column":69}},"44":{"start":{"line":95,"column":4},"end":{"line":95,"column":19}},"45":{"start":{"line":97,"column":4},"end":{"line":97,"column":54}},"46":{"start":{"line":102,"column":0},"end":{"line":118,"column":3}},"47":{"start":{"line":103,"column":2},"end":{"line":117,"column":3}},"48":{"start":{"line":104,"column":25},"end":{"line":104,"column":33}},"49":{"start":{"line":106,"column":4},"end":{"line":108,"column":5}},"50":{"start":{"line":107,"column":6},"end":{"line":107,"column":107}},"51":{"start":{"line":111,"column":4},"end":{"line":111,"column":46}},"52":{"start":{"line":113,"column":4},"end":{"line":113,"column":74}},"53":{"start":{"line":115,"column":4},"end":{"line":115,"column":55}},"54":{"start":{"line":116,"column":4},"end":{"line":116,"column":90}},"55":{"start":{"line":121,"column":0},"end":{"line":148,"column":3}},"56":{"start":{"line":122,"column":2},"end":{"line":147,"column":3}},"57":{"start":{"line":123,"column":40},"end":{"line":123,"column":48}},"58":{"start":{"line":126,"column":51},"end":{"line":126,"column":65}},"59":{"start":{"line":129,"column":24},"end":{"line":141,"column":25}},"60":{"start":{"line":143,"column":4},"end":{"line":143,"column":89}},"61":{"start":{"line":145,"column":4},"end":{"line":145,"column":52}},"62":{"start":{"line":146,"column":4},"end":{"line":146,"column":76}},"63":{"start":{"line":177,"column":0},"end":{"line":186,"column":3}},"64":{"start":{"line":178,"column":2},"end":{"line":185,"column":3}},"65":{"start":{"line":179,"column":25},"end":{"line":179,"column":48}},"66":{"start":{"line":181,"column":4},"end":{"line":181,"column":43}},"67":{"start":{"line":183,"column":4},"end":{"line":183,"column":57}},"68":{"start":{"line":184,"column":4},"end":{"line":184,"column":61}},"69":{"start":{"line":189,"column":0},"end":{"line":189,"column":24}}},"fnMap":{"0":{"name":"(anonymous_0)","decl":{"start":{"line":10,"column":25},"end":{"line":10,"column":26}},"loc":{"start":{"line":10,"column":45},"end":{"line":53,"column":1}},"line":10},"1":{"name":"(anonymous_1)","decl":{"start":{"line":56,"column":22},"end":{"line":56,"column":23}},"loc":{"start":{"line":56,"column":42},"end":{"line":75,"column":1}},"line":56},"2":{"name":"(anonymous_2)","decl":{"start":{"line":78,"column":20},"end":{"line":78,"column":21}},"loc":{"start":{"line":78,"column":40},"end":{"line":89,"column":1}},"line":78},"3":{"name":"(anonymous_3)","decl":{"start":{"line":92,"column":37},"end":{"line":92,"column":38}},"loc":{"start":{"line":92,"column":57},"end":{"line":99,"column":1}},"line":92},"4":{"name":"(anonymous_4)","decl":{"start":{"line":102,"column":33},"end":{"line":102,"column":34}},"loc":{"start":{"line":102,"column":53},"end":{"line":118,"column":1}},"line":102},"5":{"name":"(anonymous_5)","decl":{"start":{"line":121,"column":43},"end":{"line":121,"column":44}},"loc":{"start":{"line":121,"column":63},"end":{"line":148,"column":1}},"line":121},"6":{"name":"(anonymous_6)","decl":{"start":{"line":177,"column":28},"end":{"line":177,"column":29}},"loc":{"start":{"line":177,"column":48},"end":{"line":186,"column":1}},"line":177}},"branchMap":{"0":{"loc":{"start":{"line":16,"column":4},"end":{"line":16,"column":86}},"type":"if","locations":[{"start":{"line":16,"column":4},"end":{"line":16,"column":86}},{"start":{},"end":{}}],"line":16},"1":{"loc":{"start":{"line":62,"column":4},"end":{"line":62,"column":79}},"type":"if","locations":[{"start":{"line":62,"column":4},"end":{"line":62,"column":79}},{"start":{},"end":{}}],"line":62},"2":{"loc":{"start":{"line":66,"column":4},"end":{"line":66,"column":82}},"type":"if","locations":[{"start":{"line":66,"column":4},"end":{"line":66,"column":82}},{"start":{},"end":{}}],"line":66},"3":{"loc":{"start":{"line":80,"column":2},"end":{"line":80,"column":72}},"type":"if","locations":[{"start":{"line":80,"column":2},"end":{"line":80,"column":72}},{"start":{},"end":{}}],"line":80},"4":{"loc":{"start":{"line":106,"column":4},"end":{"line":108,"column":5}},"type":"if","locations":[{"start":{"line":106,"column":4},"end":{"line":108,"column":5}},{"start":{},"end":{}}],"line":106},"5":{"loc":{"start":{"line":106,"column":8},"end":{"line":106,"column":65}},"type":"binary-expr","locations":[{"start":{"line":106,"column":8},"end":{"line":106,"column":36}},{"start":{"line":106,"column":40},"end":{"line":106,"column":65}}],"line":106},"6":{"loc":{"start":{"line":126,"column":51},"end":{"line":126,"column":65}},"type":"binary-expr","locations":[{"start":{"line":126,"column":51},"end":{"line":126,"column":59}},{"start":{"line":126,"column":63},"end":{"line":126,"column":65}}],"line":126},"7":{"loc":{"start":{"line":135,"column":19},"end":{"line":135,"column":35}},"type":"binary-expr","locations":[{"start":{"line":135,"column":19},"end":{"line":135,"column":26}},{"start":{"line":135,"column":30},"end":{"line":135,"column":35}}],"line":135},"8":{"loc":{"start":{"line":136,"column":24},"end":{"line":136,"column":45}},"type":"binary-expr","locations":[{"start":{"line":136,"column":24},"end":{"line":136,"column":36}},{"start":{"line":136,"column":40},"end":{"line":136,"column":45}}],"line":136},"9":{"loc":{"start":{"line":137,"column":23},"end":{"line":137,"column":43}},"type":"binary-expr","locations":[{"start":{"line":137,"column":23},"end":{"line":137,"column":34}},{"start":{"line":137,"column":38},"end":{"line":137,"column":43}}],"line":137}},"s":{"0":2,"1":2,"2":2,"3":2,"4":2,"5":2,"6":2,"7":4,"8":4,"9":4,"10":4,"11":0,"12":4,"13":4,"14":4,"15":4,"16":4,"17":4,"18":0,"19":0,"20":2,"21":3,"22":3,"23":3,"24":3,"25":0,"26":3,"27":3,"28":0,"29":3,"30":3,"31":0,"32":2,"33":2,"34":2,"35":0,"36":2,"37":2,"38":2,"39":2,"40":0,"41":2,"42":1,"43":1,"44":1,"45":0,"46":2,"47":2,"48":2,"49":2,"50":0,"51":2,"52":2,"53":0,"54":0,"55":2,"56":1,"57":1,"58":1,"59":1,"60":1,"61":0,"62":0,"63":2,"64":2,"65":2,"66":2,"67":0,"68":0,"69":2},"f":{"0":4,"1":3,"2":2,"3":1,"4":2,"5":1,"6":2},"b":{"0":[0,4],"1":[0,3],"2":[0,3],"3":[0,2],"4":[0,2],"5":[2,2],"6":[1,0],"7":[1,0],"8":[1,0],"9":[1,0]},"_coverageSchema":"1a1c01bbd47fc00a2c39e90264f33305004495a9","hash":"247643d03eab237aea556bec71e1d16a0c0e4fdd"}
}
