TN:
SF:Server.js
FN:48,(anonymous_0)
FNF:1
FNH:0
FNDA:0,(anonymous_0)
DA:25,2
DA:26,2
DA:27,2
DA:28,2
DA:29,2
DA:30,2
DA:32,2
DA:35,2
DA:36,2
DA:39,2
DA:42,2
DA:45,2
DA:46,0
DA:47,0
DA:48,0
LF:15
LH:12
BRDA:45,0,0,0
BRDA:45,0,1,2
BRDA:47,1,0,0
BRDA:47,1,1,0
BRF:4
BRH:1
end_of_record
TN:
SF:config\db.js
FN:21,connectToDB
FNF:1
FNH:0
FNDA:0,connectToDB
DA:16,2
DA:17,2
DA:19,2
DA:22,0
DA:24,0
DA:26,0
DA:27,0
DA:29,0
DA:30,0
DA:32,0
DA:33,0
DA:37,2
LF:12
LH:4
BRDA:22,0,0,0
BRDA:22,0,1,0
BRF:2
BRH:0
end_of_record
TN:
SF:models\university.js
FNF:0
FNH:0
DA:2,2
DA:3,2
DA:5,2
DA:13,2
LF:4
LH:4
BRF:0
BRH:0
end_of_record
TN:
SF:models\user.js
FNF:0
FNH:0
DA:2,2
DA:4,2
DA:18,2
LF:3
LH:3
BRF:0
BRH:0
end_of_record
TN:
SF:routes\authRoutes.js
FN:10,(anonymous_0)
FN:56,(anonymous_1)
FN:78,(anonymous_2)
FN:92,(anonymous_3)
FN:102,(anonymous_4)
FN:121,(anonymous_5)
FN:177,(anonymous_6)
FNF:7
FNH:7
FNDA:4,(anonymous_0)
FNDA:3,(anonymous_1)
FNDA:2,(anonymous_2)
FNDA:1,(anonymous_3)
FNDA:2,(anonymous_4)
FNDA:1,(anonymous_5)
FNDA:2,(anonymous_6)
DA:1,2
DA:2,2
DA:3,2
DA:4,2
DA:5,2
DA:7,2
DA:10,2
DA:11,4
DA:12,4
DA:15,4
DA:16,4
DA:19,4
DA:20,4
DA:23,4
DA:34,4
DA:37,4
DA:40,4
DA:50,0
DA:51,0
DA:56,2
DA:57,3
DA:58,3
DA:61,3
DA:62,3
DA:65,3
DA:66,3
DA:69,3
DA:71,3
DA:73,0
DA:78,2
DA:79,2
DA:80,2
DA:82,2
DA:83,2
DA:84,2
DA:85,2
DA:87,0
DA:92,2
DA:93,1
DA:94,1
DA:95,1
DA:97,0
DA:102,2
DA:103,2
DA:104,2
DA:106,2
DA:107,0
DA:111,2
DA:113,2
DA:115,0
DA:116,0
DA:121,2
DA:122,1
DA:123,1
DA:126,1
DA:129,1
DA:143,1
DA:145,0
DA:146,0
DA:177,2
DA:178,2
DA:179,2
DA:181,2
DA:183,0
DA:184,0
DA:189,2
LF:66
LH:54
BRDA:16,0,0,0
BRDA:16,0,1,4
BRDA:62,1,0,0
BRDA:62,1,1,3
BRDA:66,2,0,0
BRDA:66,2,1,3
BRDA:80,3,0,0
BRDA:80,3,1,2
BRDA:106,4,0,0
BRDA:106,4,1,2
BRDA:106,5,0,2
BRDA:106,5,1,2
BRDA:126,6,0,1
BRDA:126,6,1,0
BRDA:135,7,0,1
BRDA:135,7,1,0
BRDA:136,8,0,1
BRDA:136,8,1,0
BRDA:137,9,0,1
BRDA:137,9,1,0
BRF:20
BRH:11
end_of_record
